<?xml version="1.0" encoding="UTF-8"?>
<!-- Generated by org.testng.reporters.JUnitXMLReporter -->
<testsuite hostname="DESKTOP-VG84OBB" failures="2" tests="3" name="Test" time="21.815" errors="0" timestamp="13 Jul 2023 07:50:37 GMT">
  <testcase classname="com.automationstore.testScript.Home" name="testnavigateToLogin" time="21.718"/>
  <testcase classname="com.automationstore.testScript.Login" name="testnavigateToLogin" time="0.015">
    <failure type="org.testng.TestNGException" message="
Can&amp;apos;t invoke public void com.automationstore.testScript.Home.testnavigateToLogin() throws java.lang.InterruptedException: either make it static or add a no-args constructor to your class">
      <![CDATA[org.testng.TestNGException: 
Can't invoke public void com.automationstore.testScript.Home.testnavigateToLogin() throws java.lang.InterruptedException: either make it static or add a no-args constructor to your class
... Removed 21 stack frames]]>
    </failure>
  </testcase> <!-- testnavigateToLogin -->
  <testcase classname="com.automationstore.testScript.Login" name="testLogin" time="0.004">
    <failure type="org.testng.TestNGException" message="
Can&amp;apos;t invoke public void com.automationstore.testScript.Login.testLogin() throws java.lang.InterruptedException: either make it static or add a no-args constructor to your class">
      <![CDATA[org.testng.TestNGException: 
Can't invoke public void com.automationstore.testScript.Login.testLogin() throws java.lang.InterruptedException: either make it static or add a no-args constructor to your class
... Removed 21 stack frames]]>
    </failure>
  </testcase> <!-- testLogin -->
</testsuite> <!-- Test -->
